# Conjugate gradients optimization
#  Step   Current energy Av shift Mx shift   Funcs         Gradient
      0    3588492.75000   0.0000   0.0000       1      1.21988e+08
     10     302615.90625   0.3062  22.6588      21      1.45474e+06
     20     145144.51562   0.1301  17.0556      41           250799
     30      95633.11719   0.0960   7.3825      61           140918
     40      81745.50781   0.0126   1.0615      81          27261.2
     50      72235.95312   0.0064   0.7917     101          10666.2
     60      66031.45312   0.0568   6.0148     121          85161.6
     70      62850.11719   0.0040   0.6350     141          17267.6
     80      59024.97266   0.0065   0.6472     161          14211.8
     90      54569.38281   0.0116   1.4228     181          86817.3
# Conjugate gradients optimization
#  Step   Current energy Av shift Mx shift   Funcs         Gradient
      0     544380.25000   0.0000   0.0000       1           935500
     10     536552.68750   0.0028   0.3499      21      2.76875e+06
     20     533491.00000   0.0015   0.2542      42           780797
     30     528649.06250   0.0010   0.2128      62      4.55183e+07
     40     523859.31250   0.0018   0.3125      82      3.25435e+06
     50     515249.59375   0.0011   0.1373     103      7.09957e+06
     60     391470.59375   0.0249   5.6177     123      3.52577e+06
     70     310238.71875   0.0066   1.3331     143      1.08527e+06
     80     300440.96875   0.0078   0.6831     163           492796
     90     296863.09375   0.0012   0.1044     184      2.12749e+06
     99     292189.15625   0.0071   0.5039     201      1.42049e+06
# Conjugate gradients optimization
#  Step   Current energy Av shift Mx shift   Funcs         Gradient
      0    1525524.12500   0.0000   0.0000       1      2.64778e+07
     10    1507346.62500   0.0026   0.3880      21      3.44054e+07
     20    1485827.00000   0.0107   0.7653      41       2.7712e+07
     30    1394730.37500   0.0033   0.5466      61      2.30678e+07
     40    1386433.62500   0.0022   0.1830      83      1.88943e+07
     50    1374469.25000   0.0045   0.3538     103      2.53461e+07
     60    1361932.75000   0.0050   0.9288     123      8.85855e+06
     70    1354262.00000   0.0004   0.1574     144      2.96704e+06
     80    1350839.87500   0.0006   0.0703     165      2.89941e+06
     83    1350470.37500   0.0000   0.0010     175      1.92285e+08
# Conjugate gradients optimization
#  Step   Current energy Av shift Mx shift   Funcs         Gradient
      0    3211868.50000   0.0000   0.0000       1       7.7498e+08
     10    3202882.50000   0.0019   0.2202      21      5.06026e+07
     20    3184475.50000   0.0034   0.3172      43      2.86447e+08
     30    3170586.25000   0.0009   0.0821      63      7.11868e+07
     40    3133407.25000   0.0032   0.6374      88      1.32852e+09
     50    3116442.50000   0.0016   0.4356     110      2.89227e+07
     60    3095323.50000   0.0007   0.2777     130      2.21937e+07
     70    3081553.25000   0.0084   0.6287     151      7.36018e+07
     80    3056018.25000   0.0021   0.2951     171      6.33779e+07
     90    3041045.75000   0.0025   0.1727     191      8.48093e+07
     95    2996054.25000   0.0074   0.4094     201      1.15558e+08
# Conjugate gradients optimization
#  Step   Current energy Av shift Mx shift   Funcs         Gradient
      0    3528683.00000   0.0000   0.0000       1      2.23527e+08
     10    3473586.25000   0.0039   0.4120      21       9.1828e+07
     20    3273830.75000   0.0119   0.8901      41      2.33247e+08
     30    3149097.75000   0.0017   0.3025      61      5.25921e+07
     40    3109077.25000   0.0005   0.0665      81      4.71201e+07
     50    3103286.50000   0.0011   0.0823     103      2.30455e+09
     60    3051643.50000   0.0020   0.4401     123      2.40983e+07
     70    3038735.25000   0.0006   0.2513     143       2.4547e+07
     80    3029276.50000   0.0006   0.0496     164      3.67359e+08
     90    2996029.25000   0.0015   0.0625     186      8.35167e+08
     97    2963478.00000   0.0104   0.4837     201      2.20088e+08
# Conjugate gradients optimization
#  Step   Current energy Av shift Mx shift   Funcs         Gradient
      0    4693563.50000   0.0000   0.0000       1      1.61427e+08
     10    4486691.00000   0.0316   5.0628      21      3.71979e+08
     20    4198340.00000   0.0037   0.4159      43      1.20458e+08
     30    4146292.25000   0.0035   0.4137      64      1.73205e+08
     40    3935373.75000   0.0133   1.5720      84      2.97467e+08
     50    3886060.50000   0.0019   0.2659     105       3.4487e+07
     60    3697031.00000   0.0031   0.1953     126      1.65334e+08
     70    3660563.50000   0.0043   0.2952     146      1.30015e+09
     80    3644922.75000   0.0007   0.3199     166      2.77058e+07
     90    3626560.50000   0.0018   0.2163     186      3.83439e+07
     98    3287316.50000   0.1163   6.1759     201      3.18839e+08
# Conjugate gradients optimization
#  Step   Current energy Av shift Mx shift   Funcs         Gradient
      0    3518446.25000   0.0000   0.0000       1      2.61264e+08
     10    3426695.50000   0.0025   0.3202      21      2.26782e+07
     20    3415266.75000   0.0010   0.1150      41       2.9463e+08
     30    3410965.00000   0.0001   0.0130      64      1.72574e+07
     31    3410938.00000   0.0001   0.0082      67      3.39938e+08
# Conjugate gradients optimization
#  Step   Current energy Av shift Mx shift   Funcs         Gradient
      0    3663786.75000   0.0000   0.0000       1      3.54537e+08
     10    3612233.25000   0.0028   0.5689      22      6.47841e+07
     20    3510519.25000   0.0051   1.2272      42      6.64329e+07
     30    3481594.75000   0.0019   0.1862      62      2.91845e+07
     40    3470151.00000   0.0025   0.1390      83      1.79975e+08
     50    3457988.75000   0.0011   0.2800     103      2.05371e+07
     60    3449895.00000   0.0037   0.2531     124      3.20173e+07
     70    3246408.50000   0.0061   1.0307     144      4.15965e+08
     80    3203460.50000   0.0032   0.2257     164      7.22103e+07
# Conjugate gradients optimization
#  Step   Current energy Av shift Mx shift   Funcs         Gradient
      0    3683903.00000   0.0000   0.0000       1       3.9146e+08
     10    3647287.50000   0.0007   0.1366      21      2.89471e+08
     20    3507557.00000   0.0035   0.4698      41      3.82283e+08
     30    3484514.75000   0.0028   0.4703      62       1.2958e+08
     40    3439681.50000   0.0331   1.5800      82      5.60061e+07
     50    3311277.00000   0.0024   1.0016     103      4.12514e+07
     60    3292268.50000   0.0073   0.4983     125      1.43069e+08
     70    3271743.25000   0.0170   0.8034     145      8.28828e+07
     77    3255139.25000   0.0000   0.0063     161      8.63784e+07
# Conjugate gradients optimization
#  Step   Current energy Av shift Mx shift   Funcs         Gradient
      0    4789123.50000   0.0000   0.0000       1      1.23272e+08
     10    4570442.00000   0.0305   3.4052      21      2.04296e+08
     20    4262282.50000   0.0085   1.0007      41       1.2815e+08
     30    4220277.50000   0.0039   0.8788      64      1.62997e+08
     40    4151860.00000   0.0231   2.1873      84      1.13483e+08
     50    4000676.50000   0.0010   0.1321     104       3.8241e+08
     60    3969341.75000   0.0072   0.7334     126      4.10202e+07
     70    3871625.75000   0.0118   1.1846     146      5.36927e+08
     80    3842417.00000   0.0032   0.3958     166      5.57702e+07
     90    3803814.75000   0.0020   0.4982     186      6.28755e+07
     98    3790720.25000   0.0098   0.4444     201      1.43925e+08
# Conjugate gradients optimization
#  Step   Current energy Av shift Mx shift   Funcs         Gradient
      0    3790729.25000   0.0000   0.0000       1       8.3977e+07
     10    3769814.25000   0.0015   0.1536      21      4.86119e+07
     20    3762143.75000   0.0005   0.0327      42      1.82782e+08
     30    3743451.50000   0.0086   0.4009      63      8.23429e+07
     40    3144785.00000   0.1300   5.1312      83      2.03358e+08
     50    3032492.50000   0.0045   0.3947     104        1.101e+08
     60    3015724.50000   0.0037   0.2301     125      4.70506e+07
     70    2976931.75000   0.0049   0.4819     145      1.52699e+08
     80    2948915.75000   0.0004   0.1858     165      2.21222e+07
     90    2941617.75000   0.0019   0.1389     185      4.41762e+07
     98    2932203.50000   0.0008   0.1749     201      1.51968e+07
# Conjugate gradients optimization
#  Step   Current energy Av shift Mx shift   Funcs         Gradient
      0    2938858.00000   0.0000   0.0000       1      1.33621e+07
     10    2930942.50000   0.0029   0.1820      22      1.70314e+07
     20    2861812.50000   0.0079   0.7832      42      7.53157e+07
     30    2831828.00000   0.0003   0.1170      62      1.08395e+07
     40    2828884.25000   0.0009   0.0342      84       4.1145e+08
     50    2815107.00000   0.0336   1.1845     104      9.16052e+07
     60    2792265.00000   0.0007   0.0927     124       3.2568e+07
     70    2782529.75000   0.0024   0.1515     144      1.29416e+08
     80    2769857.25000   0.0243   0.8152     164      1.10831e+08
     87    2758570.75000   0.0000   0.0017     180      1.29803e+07
# Conjugate gradients optimization
#  Step   Current energy Av shift Mx shift   Funcs         Gradient
      0    2801834.75000   0.0000   0.0000       1      1.76363e+07
     10    2786642.75000   0.0050   0.1567      22      3.95238e+07
     20    2761220.50000   0.0015   0.0857      43      7.05954e+07
     30    2754448.00000   0.0006   0.1169      63      7.09505e+06
     40    2749502.50000   0.0050   0.1825      83      3.69342e+08
     50    2745440.50000   0.0004   0.0352     105      7.91513e+06
     60    2741091.75000   0.0065   0.2309     127      7.84738e+07
     70    2719465.25000   0.0018   0.1252     148      3.46762e+07
     80    2711990.75000   0.0026   0.1156     168      2.68271e+07
     90    2701234.25000   0.0011   0.1492     188      3.62904e+07
     96    2700133.50000   0.0002   0.0307     201      6.77664e+06
# Conjugate gradients optimization
#  Step   Current energy Av shift Mx shift   Funcs         Gradient
      0    2747287.50000   0.0000   0.0000       1      2.91663e+07
     10    2718116.00000   0.0044   0.1685      21      1.28325e+07
     20    2704967.25000   0.0010   0.1225      41      5.92707e+06
     30    2698168.25000   0.0061   0.1831      62      6.09978e+08
     40    2687408.75000   0.0020   0.1680      83        1.538e+07
     50    2681154.00000   0.0005   0.1918     103      7.60148e+06
     60    2676107.75000   0.0031   0.1286     123      1.38887e+07
     70    2643913.50000   0.0020   0.3090     143      1.39014e+07
     80    2638500.75000   0.0013   0.0492     164      4.05118e+07
     81    2638419.75000   0.0002   0.0064     166      2.86404e+07
# Conjugate gradients optimization
#  Step   Current energy Av shift Mx shift   Funcs         Gradient
      0    3178976.75000   0.0000   0.0000       1      1.15991e+08
     10    3083989.75000   0.0010   0.4234      21       2.5132e+07
     20    3055283.50000   0.0239   1.2270      41      2.59489e+09
     30    3007850.75000   0.0103   0.6918      62      3.94736e+07
     40    2944998.75000   0.0124   0.5444      82      4.40567e+08
     50    2896248.00000   0.0038   0.1431     104      3.85005e+07
     60    2867923.75000   0.0162   0.7264     124      1.40565e+08
     70    2854162.25000   0.0019   0.1015     145      4.01949e+07
     80    2842051.75000   0.0196   0.5712     165      3.81535e+07
     90    2802749.00000   0.0013   0.1545     185      8.54233e+06
     98    2798339.50000   0.0010   0.0823     201      5.60862e+06
# Molecular dynamics simulation at 150.00 K
#  Step   Current energy Av shift Mx shift   Kinetic energy    Kinetic temp.
      0    2798339.50000   0.0000   0.0000       6492.01221        149.59245
     10    2782244.00000   0.0327   0.6755      52808.71094       1216.84692
     20    2731475.00000   0.0363   0.6755      69423.62500       1599.69678
     30    2677339.75000   0.0329   0.6574      63194.82422       1456.16931
     40    2639553.00000   0.0302   0.6755      59709.00391       1375.84717
     50    2591254.50000   0.0291   0.6755      61698.82422       1421.69775
# Molecular dynamics simulation at 400.00 K
#  Step   Current energy Av shift Mx shift   Kinetic energy    Kinetic temp.
      0    2591254.50000   0.0000   0.0000       6509.70068        150.00005
     10    2552967.00000   0.0274   0.6755      57207.13281       1318.19775
     20    2507080.25000   0.0307   0.6755      65857.35156       1517.52075
     30    2466294.25000   0.0311   0.6755      68890.58594       1587.41418
     40    2426591.50000   0.0300   0.6755      63293.55469       1458.44434
     50    2378994.25000   0.0297   0.6755      60934.44531       1404.08447
# Molecular dynamics simulation at 1000.00 K
#  Step   Current energy Av shift Mx shift   Kinetic energy    Kinetic temp.
      0    2378994.25000   0.0000   0.0000      17359.20117        400.00012
     10    2344447.00000   0.0299   0.6755      63940.05859       1473.34143
     20    2294566.25000   0.0359   0.6755      79005.61719       1820.49023
     30    2243099.75000   0.0379   0.6675      82196.97656       1894.02722
     40    2198263.50000   0.0385   0.6755      83680.64844       1928.21484
     50    2145660.50000   0.0384   0.6755      81937.92188       1888.05798
# Molecular dynamics simulation at 1000.00 K
#  Step   Current energy Av shift Mx shift   Kinetic energy    Kinetic temp.
      0    2145660.50000   0.0000   0.0000      43398.14844       1000.00360
     10    2100959.50000   0.0386   0.6726      82710.85156       1905.86816
     20    2055518.75000   0.0466   0.6755     108155.34375       2492.17407
     30    2003602.12500   0.0539   0.6755     131841.03125       3037.95239
     40    1954295.00000   0.0605   0.6755     155401.37500       3580.84253
     50    1893371.87500   0.0667   0.6755     177634.04688       4093.13989
     60    1838207.25000   0.0726   0.6755     203644.57812       4692.48877
     70    1779153.50000   0.0779   0.6755     225814.39062       5203.33740
     80    1725902.00000   0.0832   0.6755     251371.54688       5792.23926
     90    1671580.75000   0.0881   0.6755     275023.87500       6337.24902
    100    1616735.62500   0.0932   0.6755     304167.46875       7008.79150
    110    1574826.25000   0.0470   0.6755      90119.71094       2076.58716
    120    1538404.00000   0.0530   0.6755     111822.78125       2576.68115
    130    1500144.87500   0.0584   0.6755     132697.59375       3057.68970
    140    1458996.00000   0.0633   0.6755     152322.39062       3509.89502
    150    1422417.87500   0.0673   0.6755     166648.54688       3840.00610
    160    1382009.12500   0.0713   0.6637     181979.71875       4193.27539
    170    1342842.37500   0.0753   0.6755     199911.26562       4606.46338
    180    1311031.50000   0.0793   0.6755     218873.70312       5043.40625
    190    1268537.00000   0.0825   0.6755     233703.40625       5385.12061
    200    1231622.12500   0.0860   0.6755     252858.60938       5826.50488
    210    1199162.87500   0.0469   0.6755      87781.13281       2022.70032
    220    1177483.37500   0.0512   0.6755     102565.41406       2363.36768
    230    1150281.00000   0.0549   0.6755     116208.39062       2677.73657
    240    1125783.12500   0.0587   0.6644     130896.98438       3016.19922
    250    1099498.50000   0.0619   0.6680     142539.85938       3284.48047
    260    1072567.12500   0.0650   0.6755     154553.06250       3561.29541
    270    1047537.18750   0.0680   0.6755     167130.43750       3851.11011
    280    1020095.00000   0.0712   0.6755     180365.81250       4156.08643
    290     996905.68750   0.0741   0.6755     195005.82812       4493.42969
    300     967320.37500   0.0764   0.6755     204337.90625       4708.46484
# Molecular dynamics simulation at 800.00 K
#  Step   Current energy Av shift Mx shift   Kinetic energy    Kinetic temp.
      0     967320.37500   0.0000   0.0000      43398.10938       1000.00275
     10     941986.75000   0.0456   0.6755      84238.64062       1941.07239
     20     930089.25000   0.0489   0.6755      96817.22656       2230.91504
     30     915025.56250   0.0518   0.6755     105777.55469       2437.38354
     40     895005.56250   0.0544   0.6755     114396.33594       2635.98218
     50     879152.87500   0.0572   0.6755     126779.19531       2921.31494
     60     861460.50000   0.0597   0.6755     134598.53125       3101.49219
     70     842477.00000   0.0621   0.6755     143632.50000       3309.65771
     80     816216.56250   0.0644   0.6755     152229.09375       3507.74512
     90     800585.62500   0.0665   0.6755     161584.76562       3723.32373
    100     781614.37500   0.0687   0.6755     171395.54688       3949.38892
    110     761017.75000   0.0409   0.6755      72214.94531       1664.01587
    120     748150.56250   0.0433   0.6755      77823.28906       1793.24634
    130     733826.62500   0.0462   0.6755      89125.32812       2053.67407
    140     723376.18750   0.0485   0.6755      96208.90625       2216.89771
    150     706626.56250   0.0507   0.6755     103047.68750       2374.48047
    160     699789.43750   0.0531   0.6755     112402.78125       2590.04565
    170     678563.87500   0.0549   0.6755     117218.28906       2701.00732
    180     666592.87500   0.0568   0.6755     123156.37500       2837.83594
    190     653954.93750   0.0589   0.6755     131991.43750       3041.41821
    200     639685.56250   0.0607   0.6755     137461.25000       3167.45654
    210     622991.56250   0.0393   0.6755      66943.96875       1542.55920
    220     611597.06250   0.0412   0.6755      72548.62500       1671.70471
    230     602401.56250   0.0435   0.6755      78773.45312       1815.14050
    240     595258.75000   0.0454   0.6755      84641.90625       1950.36462
    250     583008.87500   0.0476   0.6755      92502.09375       2131.48340
    260     573600.06250   0.0496   0.6755     100544.75000       2316.80664
    270     566432.81250   0.0511   0.6499     103379.83594       2382.13403
    280     553145.18750   0.0527   0.6755     107624.01562       2479.93091
    290     544133.93750   0.0542   0.6755     113424.12500       2613.58008
    300     539894.56250   0.0561   0.6755     122357.10156       2819.41846
# Molecular dynamics simulation at 500.00 K
#  Step   Current energy Av shift Mx shift   Kinetic energy    Kinetic temp.
      0     539894.56250   0.0000   0.0000      34718.32812        799.99854
     10     521162.00000   0.0381   0.6755      67192.12500       1548.27734
     20     519058.93750   0.0396   0.6755      70729.35156       1629.78406
     30     509920.40625   0.0418   0.6755      77665.65625       1789.61414
     40     504851.34375   0.0431   0.6755      79722.22656       1837.00269
     50     494968.28125   0.0450   0.6755      86955.45312       2003.67456
     60     490100.78125   0.0464   0.6755      90190.11719       2078.20947
     70     483689.96875   0.0478   0.6755      92990.96094       2142.74805
     80     476543.18750   0.0498   0.6755     101754.89844       2344.69141
     90     473255.03125   0.0508   0.6623     102595.45312       2364.06006
    100     462363.62500   0.0522   0.6755     107307.24219       2472.63159
    110     442009.15625   0.0327   0.6408      53116.07031       1223.92920
    120     442253.43750   0.0350   0.6755      61892.20312       1426.15369
    130     434057.90625   0.0363   0.6755      63340.07422       1459.51624
    140     427745.15625   0.0381   0.6755      69564.96094       1602.95349
    150     420043.21875   0.0394   0.6755      70813.31250       1631.71863
    160     414917.62500   0.0406   0.6755      72232.99219       1664.43164
    170     413662.87500   0.0420   0.6755      76132.18750       1754.27905
    180     407711.00000   0.0433   0.6755      79401.33594       1829.60852
    190     401263.18750   0.0446   0.6755      82486.27344       1900.69336
    200     397499.00000   0.0461   0.6755      89261.00000       2056.80029
    210     383599.18750   0.0311   0.6755      51953.49609       1197.14062
    220     383295.40625   0.0325   0.6755      54961.16406       1266.44495
    230     379149.50000   0.0343   0.6755      60990.26172       1405.37061
    240     372888.06250   0.0355   0.6755      62640.73828       1443.40173
    250     371968.71875   0.0368   0.6755      65799.51562       1516.18811
    260     361047.90625   0.0378   0.6755      64897.36328       1495.40015
    270     359683.75000   0.0392   0.6755      68258.07812       1572.83960
    280     354217.50000   0.0403   0.6698      71767.81250       1653.71277
    290     350325.31250   0.0415   0.6755      75827.10938       1747.24927
    300     343309.28125   0.0424   0.6755      75964.72656       1750.42029
# Molecular dynamics simulation at 300.00 K
#  Step   Current energy Av shift Mx shift   Kinetic energy    Kinetic temp.
      0     343309.28125   0.0000   0.0000      21699.00195        500.00015
     10     335097.09375   0.0305   0.6755      52151.00391       1201.69165
     20     332254.15625   0.0316   0.6755      54512.07031       1256.09668
     30     329435.90625   0.0331   0.6755      57224.62891       1318.60083
     40     323123.81250   0.0342   0.6755      59167.30859       1363.36511
     50     326104.46875   0.0359   0.6755      65267.49219       1503.92883
     60     322682.56250   0.0370   0.6755      66702.84375       1537.00305
     70     318899.53125   0.0380   0.6755      68355.76562       1575.09058
     80     315924.25000   0.0395   0.6755      72573.87500       1672.28650
     90     312173.93750   0.0403   0.6755      73422.14844       1691.83289
    100     304450.21875   0.0413   0.6755      76720.25781       1767.82971
    110     292301.00000   0.0259   0.6180      39970.22656        921.01556
    120     290506.81250   0.0273   0.6755      45192.87500       1041.35864
    130     294120.06250   0.0285   0.6699      47259.76562       1088.98511
    140     287543.75000   0.0298   0.6615      51040.66406       1176.10657
    150     284281.81250   0.0313   0.6755      56911.91016       1311.39502
    160     283122.81250   0.0321   0.6755      56292.44922       1297.12109
    170     282533.03125   0.0331   0.6755      58111.33594       1339.03284
    180     284212.25000   0.0346   0.6755      64723.99609       1491.40540
    190     275763.21875   0.0351   0.6755      63041.80078       1452.64331
    200     271500.28125   0.0356   0.6755      60439.99219       1392.69104
    210     264184.03125   0.0244   0.6755      39132.50781        901.71240
    220     260993.70312   0.0257   0.6755      42398.66406        976.97296
    230     262935.12500   0.0270   0.6151      45079.71875       1038.75122
    240     255442.40625   0.0283   0.6755      48386.40234       1114.94568
    250     253427.89062   0.0296   0.6755      54091.09375       1246.39624
    260     255557.01562   0.0305   0.6755      53834.73828       1240.48914
    270     250265.62500   0.0316   0.6348      56697.32812       1306.45056
    280     251805.28125   0.0324   0.6755      56018.26562       1290.80322
    290     249429.53125   0.0336   0.6755      62353.08203       1436.77344
    300     247744.07812   0.0338   0.6755      57736.49219       1330.39551
# Conjugate gradients optimization
#  Step   Current energy Av shift Mx shift   Funcs         Gradient
      0     247744.07812   0.0000   0.0000       1      1.26928e+08
     10     205187.25000   0.0019   0.1680      21      7.55668e+06
     20     203003.90625   0.0005   0.0733      42           676348
     30     202111.82812   0.0028   0.1199      62      2.34548e+06
     40     200905.42188   0.0074   0.2767      82      1.06247e+06
     50     199910.89062   0.0027   0.1164     103      1.77943e+06
     60     199193.68750   0.0007   0.0445     123           305330
     70     198112.37500   0.0047   0.1517     143      2.11858e+06
     80     196272.34375   0.0049   0.1720     163           987969
     90     194812.81250   0.0010   0.0668     183           566175
     99     193877.51562   0.0082   0.2556     201      1.59174e+06
     
